[ 2015-09-26T13:44:31+08:00 ] 140.207.54.73 /XiaoliChat/index.php/Home/WechatCallback/run.html?signature=b2ed851b3648d056e7191e916318137a58088860&timestamp=1443246270&nonce=721310609
INFO: [ app_init ] --START--
INFO: Run Behavior\BuildLiteBehavior [ RunTime:0.000020s ]
INFO: [ app_init ] --END-- [ RunTime:0.000151s ]
SQL: SHOW COLUMNS FROM `xl_config` [ RunTime:0.0154s ]
SQL: SELECT `name`,`value` FROM `xl_config`  [ RunTime:0.0001s ]
INFO: [ app_begin ] --START--
INFO: Run Behavior\ReadHtmlCacheBehavior [ RunTime:0.000070s ]
INFO: [ app_begin ] --END-- [ RunTime:0.000109s ]
NOTIC: [8] Undefined index: PicUrl /var/www/html/XiaoliChat/Application/Home/Controller/WechatCallbackController.class.php 第 175 行.
NOTIC: [8] Undefined index: MediaId /var/www/html/XiaoliChat/Application/Home/Controller/WechatCallbackController.class.php 第 176 行.
NOTIC: [8] Undefined index: Format /var/www/html/XiaoliChat/Application/Home/Controller/WechatCallbackController.class.php 第 177 行.
NOTIC: [8] Undefined index: Recognition /var/www/html/XiaoliChat/Application/Home/Controller/WechatCallbackController.class.php 第 178 行.
SQL: SHOW COLUMNS FROM `xl_post_msg` [ RunTime:0.0009s ]
SQL: INSERT INTO `xl_post_msg` (`to_user_name`,`from_user_name`,`create_time`,`msg_type`,`content`,`msg_id`,`pic_url`,`media_id`,`format`,`recognition`) VALUES ('gh_7842d6b2dcfb','oMvLNww_Gu2T_u11YjRPoCGw5-Sw','1443246270','text','你好呀','6198695529932498701',NULL,NULL,NULL,NULL) [ RunTime:0.0547s ]
SQL: SHOW COLUMNS FROM `xl_user` [ RunTime:0.0007s ]
SQL: SELECT * FROM `xl_user` WHERE ( username='oMvLNww_Gu2T_u11YjRPoCGw5-Sw' )  [ RunTime:0.0152s ]
SQL: UPDATE `xl_user` SET `experience`='11680' WHERE ( username='oMvLNww_Gu2T_u11YjRPoCGw5-Sw' ) [ RunTime:0.0455s ]
SQL: SELECT * FROM `xl_user` WHERE ( username='oMvLNww_Gu2T_u11YjRPoCGw5-Sw' )  [ RunTime:0.0003s ]
SQL: UPDATE `xl_user` SET `gold`='5050054947770' WHERE ( username='oMvLNww_Gu2T_u11YjRPoCGw5-Sw' ) [ RunTime:0.0038s ]
SQL: SELECT * FROM `xl_user` WHERE ( username='oMvLNww_Gu2T_u11YjRPoCGw5-Sw' )  [ RunTime:0.0002s ]
SQL: SHOW COLUMNS FROM `xl_dialog` [ RunTime:0.0008s ]
SQL: SELECT * FROM `xl_dialog` WHERE ( username='oMvLNww_Gu2T_u11YjRPoCGw5-Sw' and question='你好呀' )  [ RunTime:0.0002s ]
SQL: SHOW COLUMNS FROM `xl_push_msg` [ RunTime:0.0007s ]
SQL: INSERT INTO `xl_push_msg` (`post_msg_id`,`create_time`,`msg_type`,`content`) VALUES ('1556','1443246270','text','嗯，你也好啊') [ RunTime:0.0199s ]
INFO: [ app_end ] --START--
INFO: Run Behavior\ShowPageTraceBehavior [ RunTime:0.000098s ]
INFO: [ app_end ] --END-- [ RunTime:0.000134s ]

[ 2015-09-26T13:44:35+08:00 ] 140.207.54.75 /XiaoliChat/index.php/Home/WechatCallback/run.html?signature=3524a7d5950d20f1c01c2ea3e54c280e5798a4af&timestamp=1443246275&nonce=788405145
INFO: [ app_init ] --START--
INFO: Run Behavior\BuildLiteBehavior [ RunTime:0.000016s ]
INFO: [ app_init ] --END-- [ RunTime:0.000118s ]
SQL: SHOW COLUMNS FROM `xl_config` [ RunTime:0.0006s ]
SQL: SELECT `name`,`value` FROM `xl_config`  [ RunTime:0.0001s ]
INFO: [ app_begin ] --START--
INFO: Run Behavior\ReadHtmlCacheBehavior [ RunTime:0.000040s ]
INFO: [ app_begin ] --END-- [ RunTime:0.000078s ]
NOTIC: [8] Undefined index: PicUrl /var/www/html/XiaoliChat/Application/Home/Controller/WechatCallbackController.class.php 第 175 行.
NOTIC: [8] Undefined index: MediaId /var/www/html/XiaoliChat/Application/Home/Controller/WechatCallbackController.class.php 第 176 行.
NOTIC: [8] Undefined index: Format /var/www/html/XiaoliChat/Application/Home/Controller/WechatCallbackController.class.php 第 177 行.
NOTIC: [8] Undefined index: Recognition /var/www/html/XiaoliChat/Application/Home/Controller/WechatCallbackController.class.php 第 178 行.
SQL: SHOW COLUMNS FROM `xl_post_msg` [ RunTime:0.0005s ]
SQL: INSERT INTO `xl_post_msg` (`to_user_name`,`from_user_name`,`create_time`,`msg_type`,`content`,`msg_id`,`pic_url`,`media_id`,`format`,`recognition`) VALUES ('gh_7842d6b2dcfb','oMvLNww_Gu2T_u11YjRPoCGw5-Sw','1443246275','text','赌博 58886666','6198695551407335184',NULL,NULL,NULL,NULL) [ RunTime:0.0064s ]
SQL: SHOW COLUMNS FROM `xl_user` [ RunTime:0.0005s ]
SQL: SELECT * FROM `xl_user` WHERE ( username='oMvLNww_Gu2T_u11YjRPoCGw5-Sw' )  [ RunTime:0.0001s ]
SQL: UPDATE `xl_user` SET `experience`='11690' WHERE ( username='oMvLNww_Gu2T_u11YjRPoCGw5-Sw' ) [ RunTime:0.0047s ]
SQL: SELECT * FROM `xl_user` WHERE ( username='oMvLNww_Gu2T_u11YjRPoCGw5-Sw' )  [ RunTime:0.0002s ]
SQL: UPDATE `xl_user` SET `gold`='5050054947780' WHERE ( username='oMvLNww_Gu2T_u11YjRPoCGw5-Sw' ) [ RunTime:0.0036s ]
SQL: SELECT * FROM `xl_user` WHERE ( username='oMvLNww_Gu2T_u11YjRPoCGw5-Sw' )  [ RunTime:0.0002s ]
SQL: SELECT * FROM `xl_user` WHERE ( username='oMvLNww_Gu2T_u11YjRPoCGw5-Sw' )  [ RunTime:0.0001s ]
SQL: UPDATE `xl_user` SET `gold`='5049996061114' WHERE ( username='oMvLNww_Gu2T_u11YjRPoCGw5-Sw' ) [ RunTime:0.0039s ]
SQL: SHOW COLUMNS FROM `xl_push_msg` [ RunTime:0.0006s ]
SQL: INSERT INTO `xl_push_msg` (`post_msg_id`,`create_time`,`msg_type`,`content`) VALUES ('1557','1443246275','text','赌博失败，您损失了58886666个金币') [ RunTime:0.0044s ]
INFO: [ app_end ] --START--
INFO: Run Behavior\ShowPageTraceBehavior [ RunTime:0.000058s ]
INFO: [ app_end ] --END-- [ RunTime:0.000093s ]

[ 2015-09-26T13:44:43+08:00 ] 140.207.54.73 /XiaoliChat/index.php/Home/WechatCallback/run.html?signature=2b02ca4a5388aae4e1dcee71f69429adc0ce732b&timestamp=1443246282&nonce=1167773417
INFO: [ app_init ] --START--
INFO: Run Behavior\BuildLiteBehavior [ RunTime:0.000017s ]
INFO: [ app_init ] --END-- [ RunTime:0.000120s ]
SQL: SHOW COLUMNS FROM `xl_config` [ RunTime:0.0006s ]
SQL: SELECT `name`,`value` FROM `xl_config`  [ RunTime:0.0001s ]
INFO: [ app_begin ] --START--
INFO: Run Behavior\ReadHtmlCacheBehavior [ RunTime:0.000042s ]
INFO: [ app_begin ] --END-- [ RunTime:0.000079s ]
NOTIC: [8] Undefined index: PicUrl /var/www/html/XiaoliChat/Application/Home/Controller/WechatCallbackController.class.php 第 175 行.
NOTIC: [8] Undefined index: MediaId /var/www/html/XiaoliChat/Application/Home/Controller/WechatCallbackController.class.php 第 176 行.
NOTIC: [8] Undefined index: Format /var/www/html/XiaoliChat/Application/Home/Controller/WechatCallbackController.class.php 第 177 行.
NOTIC: [8] Undefined index: Recognition /var/www/html/XiaoliChat/Application/Home/Controller/WechatCallbackController.class.php 第 178 行.
SQL: SHOW COLUMNS FROM `xl_post_msg` [ RunTime:0.0006s ]
SQL: INSERT INTO `xl_post_msg` (`to_user_name`,`from_user_name`,`create_time`,`msg_type`,`content`,`msg_id`,`pic_url`,`media_id`,`format`,`recognition`) VALUES ('gh_7842d6b2dcfb','oMvLNww_Gu2T_u11YjRPoCGw5-Sw','1443246282','text','赌博 2696854455666','6198695581472106259',NULL,NULL,NULL,NULL) [ RunTime:0.0061s ]
SQL: SHOW COLUMNS FROM `xl_user` [ RunTime:0.0005s ]
SQL: SELECT * FROM `xl_user` WHERE ( username='oMvLNww_Gu2T_u11YjRPoCGw5-Sw' )  [ RunTime:0.0002s ]
SQL: UPDATE `xl_user` SET `experience`='11700' WHERE ( username='oMvLNww_Gu2T_u11YjRPoCGw5-Sw' ) [ RunTime:0.0223s ]
SQL: SELECT * FROM `xl_user` WHERE ( username='oMvLNww_Gu2T_u11YjRPoCGw5-Sw' )  [ RunTime:0.0003s ]
SQL: UPDATE `xl_user` SET `gold`='5049996061124' WHERE ( username='oMvLNww_Gu2T_u11YjRPoCGw5-Sw' ) [ RunTime:0.0043s ]
SQL: SELECT * FROM `xl_user` WHERE ( username='oMvLNww_Gu2T_u11YjRPoCGw5-Sw' )  [ RunTime:0.0002s ]
SQL: SELECT * FROM `xl_user` WHERE ( username='oMvLNww_Gu2T_u11YjRPoCGw5-Sw' )  [ RunTime:0.0001s ]
SQL: UPDATE `xl_user` SET `gold`='7746850516790' WHERE ( username='oMvLNww_Gu2T_u11YjRPoCGw5-Sw' ) [ RunTime:0.0067s ]
SQL: SHOW COLUMNS FROM `xl_push_msg` [ RunTime:0.0006s ]
SQL: INSERT INTO `xl_push_msg` (`post_msg_id`,`create_time`,`msg_type`,`content`) VALUES ('1558','1443246283','text','赌博成功，您获得了2696854455666个金币') [ RunTime:0.0045s ]
INFO: [ app_end ] --START--
INFO: Run Behavior\ShowPageTraceBehavior [ RunTime:0.000076s ]
INFO: [ app_end ] --END-- [ RunTime:0.000111s ]

[ 2015-09-26T13:44:48+08:00 ] 140.207.54.74 /XiaoliChat/index.php/Home/WechatCallback/run.html?signature=f2715775c8740a44fc630175e51e038cf68cdde8&timestamp=1443246288&nonce=1235945177
INFO: [ app_init ] --START--
INFO: Run Behavior\BuildLiteBehavior [ RunTime:0.000016s ]
INFO: [ app_init ] --END-- [ RunTime:0.000115s ]
SQL: SHOW COLUMNS FROM `xl_config` [ RunTime:0.0007s ]
SQL: SELECT `name`,`value` FROM `xl_config`  [ RunTime:0.0001s ]
INFO: [ app_begin ] --START--
INFO: Run Behavior\ReadHtmlCacheBehavior [ RunTime:0.000041s ]
INFO: [ app_begin ] --END-- [ RunTime:0.000078s ]
NOTIC: [8] Undefined index: PicUrl /var/www/html/XiaoliChat/Application/Home/Controller/WechatCallbackController.class.php 第 175 行.
NOTIC: [8] Undefined index: MediaId /var/www/html/XiaoliChat/Application/Home/Controller/WechatCallbackController.class.php 第 176 行.
NOTIC: [8] Undefined index: Format /var/www/html/XiaoliChat/Application/Home/Controller/WechatCallbackController.class.php 第 177 行.
NOTIC: [8] Undefined index: Recognition /var/www/html/XiaoliChat/Application/Home/Controller/WechatCallbackController.class.php 第 178 行.
SQL: SHOW COLUMNS FROM `xl_post_msg` [ RunTime:0.0039s ]
SQL: INSERT INTO `xl_post_msg` (`to_user_name`,`from_user_name`,`create_time`,`msg_type`,`content`,`msg_id`,`pic_url`,`media_id`,`format`,`recognition`) VALUES ('gh_7842d6b2dcfb','oMvLNww_Gu2T_u11YjRPoCGw5-Sw','1443246288','text','资料','6198695607241910037',NULL,NULL,NULL,NULL) [ RunTime:0.0058s ]
SQL: SHOW COLUMNS FROM `xl_user` [ RunTime:0.0004s ]
SQL: SELECT * FROM `xl_user` WHERE ( username='oMvLNww_Gu2T_u11YjRPoCGw5-Sw' )  [ RunTime:0.0002s ]
SQL: UPDATE `xl_user` SET `experience`='11710' WHERE ( username='oMvLNww_Gu2T_u11YjRPoCGw5-Sw' ) [ RunTime:0.0059s ]
SQL: SELECT * FROM `xl_user` WHERE ( username='oMvLNww_Gu2T_u11YjRPoCGw5-Sw' )  [ RunTime:0.0003s ]
SQL: UPDATE `xl_user` SET `gold`='7746850516800' WHERE ( username='oMvLNww_Gu2T_u11YjRPoCGw5-Sw' ) [ RunTime:0.0039s ]
SQL: SELECT * FROM `xl_user` WHERE ( username='oMvLNww_Gu2T_u11YjRPoCGw5-Sw' )  [ RunTime:0.0002s ]
SQL: SELECT * FROM `xl_user` WHERE ( username='oMvLNww_Gu2T_u11YjRPoCGw5-Sw' )  [ RunTime:0.0001s ]
SQL: SHOW COLUMNS FROM `xl_push_msg` [ RunTime:0.0006s ]
SQL: INSERT INTO `xl_push_msg` (`post_msg_id`,`create_time`,`msg_type`,`content`) VALUES ('1559','1443246288','text','昵称：小璃主人
经验：11710
金币：7746850516800') [ RunTime:0.0045s ]
INFO: [ app_end ] --START--
INFO: Run Behavior\ShowPageTraceBehavior [ RunTime:0.000076s ]
INFO: [ app_end ] --END-- [ RunTime:0.000112s ]

[ 2015-09-26T13:45:19+08:00 ] 140.207.54.73 /XiaoliChat/index.php/Home/WechatCallback/run.html?signature=43c096427a236d6b50fec5da0f816d25958d3e57&timestamp=1443246319&nonce=454176947
INFO: [ app_init ] --START--
INFO: Run Behavior\BuildLiteBehavior [ RunTime:0.000015s ]
INFO: [ app_init ] --END-- [ RunTime:0.000120s ]
SQL: SHOW COLUMNS FROM `xl_config` [ RunTime:0.0006s ]
SQL: SELECT `name`,`value` FROM `xl_config`  [ RunTime:0.0001s ]
INFO: [ app_begin ] --START--
INFO: Run Behavior\ReadHtmlCacheBehavior [ RunTime:0.000041s ]
INFO: [ app_begin ] --END-- [ RunTime:0.000077s ]
NOTIC: [8] Undefined index: PicUrl /var/www/html/XiaoliChat/Application/Home/Controller/WechatCallbackController.class.php 第 175 行.
NOTIC: [8] Undefined index: MediaId /var/www/html/XiaoliChat/Application/Home/Controller/WechatCallbackController.class.php 第 176 行.
NOTIC: [8] Undefined index: Format /var/www/html/XiaoliChat/Application/Home/Controller/WechatCallbackController.class.php 第 177 行.
NOTIC: [8] Undefined index: Recognition /var/www/html/XiaoliChat/Application/Home/Controller/WechatCallbackController.class.php 第 178 行.
SQL: SHOW COLUMNS FROM `xl_post_msg` [ RunTime:0.0007s ]
SQL: INSERT INTO `xl_post_msg` (`to_user_name`,`from_user_name`,`create_time`,`msg_type`,`content`,`msg_id`,`pic_url`,`media_id`,`format`,`recognition`) VALUES ('gh_7842d6b2dcfb','oMvLNww_Gu2T_u11YjRPoCGw5-Sw','1443246319','text','赌博 7746850516800','6198695740385896224',NULL,NULL,NULL,NULL) [ RunTime:0.0059s ]
SQL: SHOW COLUMNS FROM `xl_user` [ RunTime:0.0004s ]
SQL: SELECT * FROM `xl_user` WHERE ( username='oMvLNww_Gu2T_u11YjRPoCGw5-Sw' )  [ RunTime:0.0001s ]
SQL: UPDATE `xl_user` SET `experience`='11720' WHERE ( username='oMvLNww_Gu2T_u11YjRPoCGw5-Sw' ) [ RunTime:0.0043s ]
SQL: SELECT * FROM `xl_user` WHERE ( username='oMvLNww_Gu2T_u11YjRPoCGw5-Sw' )  [ RunTime:0.0002s ]
SQL: UPDATE `xl_user` SET `gold`='7746850516810' WHERE ( username='oMvLNww_Gu2T_u11YjRPoCGw5-Sw' ) [ RunTime:0.0048s ]
SQL: SELECT * FROM `xl_user` WHERE ( username='oMvLNww_Gu2T_u11YjRPoCGw5-Sw' )  [ RunTime:0.0002s ]
SQL: SELECT * FROM `xl_user` WHERE ( username='oMvLNww_Gu2T_u11YjRPoCGw5-Sw' )  [ RunTime:0.0001s ]
SQL: UPDATE `xl_user` SET `gold`='10' WHERE ( username='oMvLNww_Gu2T_u11YjRPoCGw5-Sw' ) [ RunTime:0.0051s ]
SQL: SHOW COLUMNS FROM `xl_push_msg` [ RunTime:0.0005s ]
SQL: INSERT INTO `xl_push_msg` (`post_msg_id`,`create_time`,`msg_type`,`content`) VALUES ('1560','1443246319','text','赌博失败，您损失了7746850516800个金币') [ RunTime:0.0053s ]
INFO: [ app_end ] --START--
INFO: Run Behavior\ShowPageTraceBehavior [ RunTime:0.000058s ]
INFO: [ app_end ] --END-- [ RunTime:0.000094s ]

[ 2015-09-26T13:45:23+08:00 ] 140.207.54.74 /XiaoliChat/index.php/Home/WechatCallback/run.html?signature=5067bfe1b72a636719d8f4aa9294f075c20c87d3&timestamp=1443246323&nonce=1425078569
INFO: [ app_init ] --START--
INFO: Run Behavior\BuildLiteBehavior [ RunTime:0.000018s ]
INFO: [ app_init ] --END-- [ RunTime:0.000126s ]
SQL: SHOW COLUMNS FROM `xl_config` [ RunTime:0.0008s ]
SQL: SELECT `name`,`value` FROM `xl_config`  [ RunTime:0.0001s ]
INFO: [ app_begin ] --START--
INFO: Run Behavior\ReadHtmlCacheBehavior [ RunTime:0.000053s ]
INFO: [ app_begin ] --END-- [ RunTime:0.000104s ]
NOTIC: [8] Undefined index: PicUrl /var/www/html/XiaoliChat/Application/Home/Controller/WechatCallbackController.class.php 第 175 行.
NOTIC: [8] Undefined index: MediaId /var/www/html/XiaoliChat/Application/Home/Controller/WechatCallbackController.class.php 第 176 行.
NOTIC: [8] Undefined index: Format /var/www/html/XiaoliChat/Application/Home/Controller/WechatCallbackController.class.php 第 177 行.
NOTIC: [8] Undefined index: Recognition /var/www/html/XiaoliChat/Application/Home/Controller/WechatCallbackController.class.php 第 178 行.
SQL: SHOW COLUMNS FROM `xl_post_msg` [ RunTime:0.0007s ]
SQL: INSERT INTO `xl_post_msg` (`to_user_name`,`from_user_name`,`create_time`,`msg_type`,`content`,`msg_id`,`pic_url`,`media_id`,`format`,`recognition`) VALUES ('gh_7842d6b2dcfb','oMvLNww_Gu2T_u11YjRPoCGw5-Sw','1443246323','text','资料','6198695757565765411',NULL,NULL,NULL,NULL) [ RunTime:0.0114s ]
SQL: SHOW COLUMNS FROM `xl_user` [ RunTime:0.0006s ]
SQL: SELECT * FROM `xl_user` WHERE ( username='oMvLNww_Gu2T_u11YjRPoCGw5-Sw' )  [ RunTime:0.0002s ]
SQL: UPDATE `xl_user` SET `experience`='11730' WHERE ( username='oMvLNww_Gu2T_u11YjRPoCGw5-Sw' ) [ RunTime:0.0044s ]
SQL: SELECT * FROM `xl_user` WHERE ( username='oMvLNww_Gu2T_u11YjRPoCGw5-Sw' )  [ RunTime:0.0002s ]
SQL: UPDATE `xl_user` SET `gold`='20' WHERE ( username='oMvLNww_Gu2T_u11YjRPoCGw5-Sw' ) [ RunTime:0.0033s ]
SQL: SELECT * FROM `xl_user` WHERE ( username='oMvLNww_Gu2T_u11YjRPoCGw5-Sw' )  [ RunTime:0.0002s ]
SQL: SELECT * FROM `xl_user` WHERE ( username='oMvLNww_Gu2T_u11YjRPoCGw5-Sw' )  [ RunTime:0.0001s ]
SQL: SHOW COLUMNS FROM `xl_push_msg` [ RunTime:0.0006s ]
SQL: INSERT INTO `xl_push_msg` (`post_msg_id`,`create_time`,`msg_type`,`content`) VALUES ('1561','1443246323','text','昵称：小璃主人
经验：11730
金币：20') [ RunTime:0.0041s ]
INFO: [ app_end ] --START--
INFO: Run Behavior\ShowPageTraceBehavior [ RunTime:0.000063s ]
INFO: [ app_end ] --END-- [ RunTime:0.000115s ]

[ 2015-09-26T13:45:29+08:00 ] 140.207.54.74 /XiaoliChat/index.php/Home/WechatCallback/run.html?signature=331d33deac89a6b1c8fa6ff2c9f82f2641d3517d&timestamp=1443246329&nonce=2094528691
INFO: [ app_init ] --START--
INFO: Run Behavior\BuildLiteBehavior [ RunTime:0.000017s ]
INFO: [ app_init ] --END-- [ RunTime:0.000119s ]
SQL: SHOW COLUMNS FROM `xl_config` [ RunTime:0.0007s ]
SQL: SELECT `name`,`value` FROM `xl_config`  [ RunTime:0.0001s ]
INFO: [ app_begin ] --START--
INFO: Run Behavior\ReadHtmlCacheBehavior [ RunTime:0.000042s ]
INFO: [ app_begin ] --END-- [ RunTime:0.000078s ]
NOTIC: [8] Undefined index: PicUrl /var/www/html/XiaoliChat/Application/Home/Controller/WechatCallbackController.class.php 第 175 行.
NOTIC: [8] Undefined index: MediaId /var/www/html/XiaoliChat/Application/Home/Controller/WechatCallbackController.class.php 第 176 行.
NOTIC: [8] Undefined index: Format /var/www/html/XiaoliChat/Application/Home/Controller/WechatCallbackController.class.php 第 177 行.
NOTIC: [8] Undefined index: Recognition /var/www/html/XiaoliChat/Application/Home/Controller/WechatCallbackController.class.php 第 178 行.
SQL: SHOW COLUMNS FROM `xl_post_msg` [ RunTime:0.0006s ]
SQL: INSERT INTO `xl_post_msg` (`to_user_name`,`from_user_name`,`create_time`,`msg_type`,`content`,`msg_id`,`pic_url`,`media_id`,`format`,`recognition`) VALUES ('gh_7842d6b2dcfb','oMvLNww_Gu2T_u11YjRPoCGw5-Sw','1443246329','text','笑话','6198695783335569191',NULL,NULL,NULL,NULL) [ RunTime:0.0107s ]
SQL: SHOW COLUMNS FROM `xl_user` [ RunTime:0.0008s ]
SQL: SELECT * FROM `xl_user` WHERE ( username='oMvLNww_Gu2T_u11YjRPoCGw5-Sw' )  [ RunTime:0.0001s ]
SQL: UPDATE `xl_user` SET `experience`='11740' WHERE ( username='oMvLNww_Gu2T_u11YjRPoCGw5-Sw' ) [ RunTime:0.0043s ]
SQL: SELECT * FROM `xl_user` WHERE ( username='oMvLNww_Gu2T_u11YjRPoCGw5-Sw' )  [ RunTime:0.0002s ]
SQL: UPDATE `xl_user` SET `gold`='30' WHERE ( username='oMvLNww_Gu2T_u11YjRPoCGw5-Sw' ) [ RunTime:0.0297s ]
SQL: SELECT * FROM `xl_user` WHERE ( username='oMvLNww_Gu2T_u11YjRPoCGw5-Sw' )  [ RunTime:0.0003s ]
SQL: SHOW COLUMNS FROM `xl_push_msg` [ RunTime:0.0008s ]
SQL: INSERT INTO `xl_push_msg` (`post_msg_id`,`create_time`,`msg_type`,`content`) VALUES ('1562','1443246329','text','在一家首饰店里，我想买一个银质的手镯，就是那种一个大圆环形状的。　　我看上了一个比较满意的，店员拿给我看，问我自己买还是送人，我说是自己买的。她就建议我试一试！于是我开始往手上套手镯，却始终套不进。　　店员诧异地看着我，十几秒后，店员终于明白了，她说：“小姐，这个是耳环。”') [ RunTime:0.0046s ]
INFO: [ app_end ] --START--
INFO: Run Behavior\ShowPageTraceBehavior [ RunTime:0.000085s ]
INFO: [ app_end ] --END-- [ RunTime:0.000122s ]

[ 2015-09-26T13:45:59+08:00 ] 140.207.54.73 /XiaoliChat/index.php/Home/WechatCallback/run.html?signature=0df7092099b3853712c62cadc77466e542c075e4&timestamp=1443246359&nonce=1956711289
INFO: [ app_init ] --START--
INFO: Run Behavior\BuildLiteBehavior [ RunTime:0.000015s ]
INFO: [ app_init ] --END-- [ RunTime:0.000098s ]
SQL: SHOW COLUMNS FROM `xl_config` [ RunTime:0.0006s ]
SQL: SELECT `name`,`value` FROM `xl_config`  [ RunTime:0.0001s ]
INFO: [ app_begin ] --START--
INFO: Run Behavior\ReadHtmlCacheBehavior [ RunTime:0.000042s ]
INFO: [ app_begin ] --END-- [ RunTime:0.000078s ]
NOTIC: [8] Undefined index: PicUrl /var/www/html/XiaoliChat/Application/Home/Controller/WechatCallbackController.class.php 第 175 行.
NOTIC: [8] Undefined index: MediaId /var/www/html/XiaoliChat/Application/Home/Controller/WechatCallbackController.class.php 第 176 行.
NOTIC: [8] Undefined index: Format /var/www/html/XiaoliChat/Application/Home/Controller/WechatCallbackController.class.php 第 177 行.
NOTIC: [8] Undefined index: Recognition /var/www/html/XiaoliChat/Application/Home/Controller/WechatCallbackController.class.php 第 178 行.
SQL: SHOW COLUMNS FROM `xl_post_msg` [ RunTime:0.0005s ]
SQL: INSERT INTO `xl_post_msg` (`to_user_name`,`from_user_name`,`create_time`,`msg_type`,`content`,`msg_id`,`pic_url`,`media_id`,`format`,`recognition`) VALUES ('gh_7842d6b2dcfb','oMvLNww_Gu2T_u11YjRPoCGw5-Sw','1443246359','text','笑话','6198695912184588078',NULL,NULL,NULL,NULL) [ RunTime:0.0086s ]
SQL: SHOW COLUMNS FROM `xl_user` [ RunTime:0.0005s ]
SQL: SELECT * FROM `xl_user` WHERE ( username='oMvLNww_Gu2T_u11YjRPoCGw5-Sw' )  [ RunTime:0.0001s ]
SQL: UPDATE `xl_user` SET `experience`='11750' WHERE ( username='oMvLNww_Gu2T_u11YjRPoCGw5-Sw' ) [ RunTime:0.0147s ]
SQL: SELECT * FROM `xl_user` WHERE ( username='oMvLNww_Gu2T_u11YjRPoCGw5-Sw' )  [ RunTime:0.0003s ]
SQL: UPDATE `xl_user` SET `gold`='40' WHERE ( username='oMvLNww_Gu2T_u11YjRPoCGw5-Sw' ) [ RunTime:0.0050s ]
SQL: SELECT * FROM `xl_user` WHERE ( username='oMvLNww_Gu2T_u11YjRPoCGw5-Sw' )  [ RunTime:0.0002s ]
SQL: SHOW COLUMNS FROM `xl_push_msg` [ RunTime:0.0008s ]
SQL: INSERT INTO `xl_push_msg` (`post_msg_id`,`create_time`,`msg_type`,`content`) VALUES ('1563','1443246359','text','看新闻：一个外国小哥辞掉工作，带着他的二货小哈狗狗游遍了整个挪威……我想说：这有什么呀？不就是相当于旅行一个四川省吗？哥哥我请半个月假就搞定了，何必要辞职呢 不想上班就明说嘛……') [ RunTime:0.0096s ]
INFO: [ app_end ] --START--
INFO: Run Behavior\ShowPageTraceBehavior [ RunTime:0.000086s ]
INFO: [ app_end ] --END-- [ RunTime:0.000125s ]

[ 2015-09-26T13:46:32+08:00 ] 140.207.54.73 /XiaoliChat/index.php/Home/WechatCallback/run.html?signature=886e2951ab5d4df8cb9fb594e55fed28c9b685a1&timestamp=1443246391&nonce=283372960
INFO: [ app_init ] --START--
INFO: Run Behavior\BuildLiteBehavior [ RunTime:0.000017s ]
INFO: [ app_init ] --END-- [ RunTime:0.000115s ]
SQL: SHOW COLUMNS FROM `xl_config` [ RunTime:0.0007s ]
SQL: SELECT `name`,`value` FROM `xl_config`  [ RunTime:0.0001s ]
INFO: [ app_begin ] --START--
INFO: Run Behavior\ReadHtmlCacheBehavior [ RunTime:0.000041s ]
INFO: [ app_begin ] --END-- [ RunTime:0.000078s ]
NOTIC: [8] Undefined index: PicUrl /var/www/html/XiaoliChat/Application/Home/Controller/WechatCallbackController.class.php 第 175 行.
NOTIC: [8] Undefined index: MediaId /var/www/html/XiaoliChat/Application/Home/Controller/WechatCallbackController.class.php 第 176 行.
NOTIC: [8] Undefined index: Format /var/www/html/XiaoliChat/Application/Home/Controller/WechatCallbackController.class.php 第 177 行.
NOTIC: [8] Undefined index: Recognition /var/www/html/XiaoliChat/Application/Home/Controller/WechatCallbackController.class.php 第 178 行.
SQL: SHOW COLUMNS FROM `xl_post_msg` [ RunTime:0.0006s ]
SQL: INSERT INTO `xl_post_msg` (`to_user_name`,`from_user_name`,`create_time`,`msg_type`,`content`,`msg_id`,`pic_url`,`media_id`,`format`,`recognition`) VALUES ('gh_7842d6b2dcfb','oMvLNww_Gu2T_u11YjRPoCGw5-Sw','1443246391','text','笑话','6198696049623541557',NULL,NULL,NULL,NULL) [ RunTime:0.0110s ]
SQL: SHOW COLUMNS FROM `xl_user` [ RunTime:0.0005s ]
SQL: SELECT * FROM `xl_user` WHERE ( username='oMvLNww_Gu2T_u11YjRPoCGw5-Sw' )  [ RunTime:0.0001s ]
SQL: UPDATE `xl_user` SET `experience`='11760' WHERE ( username='oMvLNww_Gu2T_u11YjRPoCGw5-Sw' ) [ RunTime:0.0057s ]
SQL: SELECT * FROM `xl_user` WHERE ( username='oMvLNww_Gu2T_u11YjRPoCGw5-Sw' )  [ RunTime:0.0002s ]
SQL: UPDATE `xl_user` SET `gold`='50' WHERE ( username='oMvLNww_Gu2T_u11YjRPoCGw5-Sw' ) [ RunTime:0.0044s ]
SQL: SELECT * FROM `xl_user` WHERE ( username='oMvLNww_Gu2T_u11YjRPoCGw5-Sw' )  [ RunTime:0.0002s ]
SQL: SHOW COLUMNS FROM `xl_push_msg` [ RunTime:0.0008s ]
SQL: INSERT INTO `xl_push_msg` (`post_msg_id`,`create_time`,`msg_type`,`content`) VALUES ('1564','1443246391','text','老婆喜欢网购，这天晚上回到家，老婆深情地对我说：“老公你这几年你受累了，白天上班晚上陪我，今天晚上就给你放假吧！你今天睡客厅吧！”说完她拿着一个新到的快递包裹进了房间，这是什么情况？？？') [ RunTime:0.0045s ]
INFO: [ app_end ] --START--
INFO: Run Behavior\ShowPageTraceBehavior [ RunTime:0.000113s ]
INFO: [ app_end ] --END-- [ RunTime:0.000182s ]

[ 2015-09-26T13:46:56+08:00 ] 140.207.54.75 /XiaoliChat/index.php/Home/WechatCallback/run.html?signature=1cbc800a9cfbc0e296a3beed075e21ab3fb13940&timestamp=1443246415&nonce=525241118
INFO: [ app_init ] --START--
INFO: Run Behavior\BuildLiteBehavior [ RunTime:0.000018s ]
INFO: [ app_init ] --END-- [ RunTime:0.000130s ]
SQL: SHOW COLUMNS FROM `xl_config` [ RunTime:0.0007s ]
SQL: SELECT `name`,`value` FROM `xl_config`  [ RunTime:0.0001s ]
INFO: [ app_begin ] --START--
INFO: Run Behavior\ReadHtmlCacheBehavior [ RunTime:0.000045s ]
INFO: [ app_begin ] --END-- [ RunTime:0.000082s ]
NOTIC: [8] Undefined index: PicUrl /var/www/html/XiaoliChat/Application/Home/Controller/WechatCallbackController.class.php 第 175 行.
NOTIC: [8] Undefined index: MediaId /var/www/html/XiaoliChat/Application/Home/Controller/WechatCallbackController.class.php 第 176 行.
NOTIC: [8] Undefined index: Format /var/www/html/XiaoliChat/Application/Home/Controller/WechatCallbackController.class.php 第 177 行.
NOTIC: [8] Undefined index: Recognition /var/www/html/XiaoliChat/Application/Home/Controller/WechatCallbackController.class.php 第 178 行.
SQL: SHOW COLUMNS FROM `xl_post_msg` [ RunTime:0.0005s ]
SQL: INSERT INTO `xl_post_msg` (`to_user_name`,`from_user_name`,`create_time`,`msg_type`,`content`,`msg_id`,`pic_url`,`media_id`,`format`,`recognition`) VALUES ('gh_7842d6b2dcfb','oMvLNww_Gu2T_u11YjRPoCGw5-Sw','1443246415','text','笑话','6198696152702756666',NULL,NULL,NULL,NULL) [ RunTime:0.0090s ]
SQL: SHOW COLUMNS FROM `xl_user` [ RunTime:0.0004s ]
SQL: SELECT * FROM `xl_user` WHERE ( username='oMvLNww_Gu2T_u11YjRPoCGw5-Sw' )  [ RunTime:0.0001s ]
SQL: UPDATE `xl_user` SET `experience`='11770' WHERE ( username='oMvLNww_Gu2T_u11YjRPoCGw5-Sw' ) [ RunTime:0.0054s ]
SQL: SELECT * FROM `xl_user` WHERE ( username='oMvLNww_Gu2T_u11YjRPoCGw5-Sw' )  [ RunTime:0.0002s ]
SQL: UPDATE `xl_user` SET `gold`='60' WHERE ( username='oMvLNww_Gu2T_u11YjRPoCGw5-Sw' ) [ RunTime:0.0054s ]
SQL: SELECT * FROM `xl_user` WHERE ( username='oMvLNww_Gu2T_u11YjRPoCGw5-Sw' )  [ RunTime:0.0002s ]
SQL: SHOW COLUMNS FROM `xl_push_msg` [ RunTime:0.0008s ]
SQL: INSERT INTO `xl_push_msg` (`post_msg_id`,`create_time`,`msg_type`,`content`) VALUES ('1565','1443246416','text','情人节送大家个表白语：“做我女朋友行不行，行就行，不行我再想想办法。”不丢人，还幽默！赞点起，祝好运！') [ RunTime:0.0081s ]
INFO: [ app_end ] --START--
INFO: Run Behavior\ShowPageTraceBehavior [ RunTime:0.000081s ]
INFO: [ app_end ] --END-- [ RunTime:0.000117s ]

[ 2015-09-26T13:47:01+08:00 ] 140.207.54.73 /XiaoliChat/index.php/Home/WechatCallback/run.html?signature=6f651487bfa7bba9a9b6499e9b76209ae7eb673d&timestamp=1443246421&nonce=1938133373
INFO: [ app_init ] --START--
INFO: Run Behavior\BuildLiteBehavior [ RunTime:0.000014s ]
INFO: [ app_init ] --END-- [ RunTime:0.000091s ]
SQL: SHOW COLUMNS FROM `xl_config` [ RunTime:0.0006s ]
SQL: SELECT `name`,`value` FROM `xl_config`  [ RunTime:0.0001s ]
INFO: [ app_begin ] --START--
INFO: Run Behavior\ReadHtmlCacheBehavior [ RunTime:0.000041s ]
INFO: [ app_begin ] --END-- [ RunTime:0.000077s ]
NOTIC: [8] Undefined index: PicUrl /var/www/html/XiaoliChat/Application/Home/Controller/WechatCallbackController.class.php 第 175 行.
NOTIC: [8] Undefined index: MediaId /var/www/html/XiaoliChat/Application/Home/Controller/WechatCallbackController.class.php 第 176 行.
NOTIC: [8] Undefined index: Format /var/www/html/XiaoliChat/Application/Home/Controller/WechatCallbackController.class.php 第 177 行.
NOTIC: [8] Undefined index: Recognition /var/www/html/XiaoliChat/Application/Home/Controller/WechatCallbackController.class.php 第 178 行.
SQL: SHOW COLUMNS FROM `xl_post_msg` [ RunTime:0.0005s ]
SQL: INSERT INTO `xl_post_msg` (`to_user_name`,`from_user_name`,`create_time`,`msg_type`,`content`,`msg_id`,`pic_url`,`media_id`,`format`,`recognition`) VALUES ('gh_7842d6b2dcfb','oMvLNww_Gu2T_u11YjRPoCGw5-Sw','1443246421','text','笑话','6198696178472560444',NULL,NULL,NULL,NULL) [ RunTime:0.0050s ]
SQL: SHOW COLUMNS FROM `xl_user` [ RunTime:0.0004s ]
SQL: SELECT * FROM `xl_user` WHERE ( username='oMvLNww_Gu2T_u11YjRPoCGw5-Sw' )  [ RunTime:0.0001s ]
SQL: UPDATE `xl_user` SET `experience`='11780' WHERE ( username='oMvLNww_Gu2T_u11YjRPoCGw5-Sw' ) [ RunTime:0.0149s ]
SQL: SELECT * FROM `xl_user` WHERE ( username='oMvLNww_Gu2T_u11YjRPoCGw5-Sw' )  [ RunTime:0.0002s ]
SQL: UPDATE `xl_user` SET `gold`='70' WHERE ( username='oMvLNww_Gu2T_u11YjRPoCGw5-Sw' ) [ RunTime:0.0038s ]
SQL: SELECT * FROM `xl_user` WHERE ( username='oMvLNww_Gu2T_u11YjRPoCGw5-Sw' )  [ RunTime:0.0002s ]
SQL: SHOW COLUMNS FROM `xl_push_msg` [ RunTime:0.0008s ]
SQL: INSERT INTO `xl_push_msg` (`post_msg_id`,`create_time`,`msg_type`,`content`) VALUES ('1566','1443246421','text','小姑娘：“妈妈我真的好高兴，作文终于写通顺了。”妈妈：“何以见得进步这么快？”小姑娘：“以前老师在我的作文上总是批的四个字----狗屁不通，现在批的是----放狗屁。”') [ RunTime:0.0051s ]
INFO: [ app_end ] --START--
INFO: Run Behavior\ShowPageTraceBehavior [ RunTime:0.000082s ]
INFO: [ app_end ] --END-- [ RunTime:0.000118s ]

[ 2015-09-26T13:47:19+08:00 ] 140.207.54.75 /XiaoliChat/index.php/Home/WechatCallback/run.html?signature=0f74bc1355dd73cf5c19d77e459efd06eaa88c49&timestamp=1443246438&nonce=311808298
INFO: [ app_init ] --START--
INFO: Run Behavior\BuildLiteBehavior [ RunTime:0.000013s ]
INFO: [ app_init ] --END-- [ RunTime:0.000093s ]
SQL: SHOW COLUMNS FROM `xl_config` [ RunTime:0.0006s ]
SQL: SELECT `name`,`value` FROM `xl_config`  [ RunTime:0.0001s ]
INFO: [ app_begin ] --START--
INFO: Run Behavior\ReadHtmlCacheBehavior [ RunTime:0.000040s ]
INFO: [ app_begin ] --END-- [ RunTime:0.000076s ]
NOTIC: [8] Undefined index: PicUrl /var/www/html/XiaoliChat/Application/Home/Controller/WechatCallbackController.class.php 第 175 行.
NOTIC: [8] Undefined index: MediaId /var/www/html/XiaoliChat/Application/Home/Controller/WechatCallbackController.class.php 第 176 行.
NOTIC: [8] Undefined index: Format /var/www/html/XiaoliChat/Application/Home/Controller/WechatCallbackController.class.php 第 177 行.
NOTIC: [8] Undefined index: Recognition /var/www/html/XiaoliChat/Application/Home/Controller/WechatCallbackController.class.php 第 178 行.
SQL: SHOW COLUMNS FROM `xl_post_msg` [ RunTime:0.0005s ]
SQL: INSERT INTO `xl_post_msg` (`to_user_name`,`from_user_name`,`create_time`,`msg_type`,`content`,`msg_id`,`pic_url`,`media_id`,`format`,`recognition`) VALUES ('gh_7842d6b2dcfb','oMvLNww_Gu2T_u11YjRPoCGw5-Sw','1443246438','text','笑话','6198696251487004482',NULL,NULL,NULL,NULL) [ RunTime:0.0097s ]
SQL: SHOW COLUMNS FROM `xl_user` [ RunTime:0.0004s ]
SQL: SELECT * FROM `xl_user` WHERE ( username='oMvLNww_Gu2T_u11YjRPoCGw5-Sw' )  [ RunTime:0.0001s ]
SQL: UPDATE `xl_user` SET `experience`='11790' WHERE ( username='oMvLNww_Gu2T_u11YjRPoCGw5-Sw' ) [ RunTime:0.0046s ]
SQL: SELECT * FROM `xl_user` WHERE ( username='oMvLNww_Gu2T_u11YjRPoCGw5-Sw' )  [ RunTime:0.0002s ]
SQL: UPDATE `xl_user` SET `gold`='80' WHERE ( username='oMvLNww_Gu2T_u11YjRPoCGw5-Sw' ) [ RunTime:0.0037s ]
SQL: SELECT * FROM `xl_user` WHERE ( username='oMvLNww_Gu2T_u11YjRPoCGw5-Sw' )  [ RunTime:0.0002s ]
SQL: SHOW COLUMNS FROM `xl_push_msg` [ RunTime:0.0009s ]
SQL: INSERT INTO `xl_push_msg` (`post_msg_id`,`create_time`,`msg_type`,`content`) VALUES ('1567','1443246439','text','安徽一男子假装高富帅网聊，通过聊天，双方约定在宾馆开房见面，不料，见面后才发现这位“女友”竟是自己的亲生女儿。巧的是该男妻子跟踪捉奸，一家人撞在了一起……这可真是：林子大了，什么鸟都有，世界大了，什么奇葩事儿都有了。偷着乐的举个手') [ RunTime:0.0119s ]
INFO: [ app_end ] --START--
INFO: Run Behavior\ShowPageTraceBehavior [ RunTime:0.000110s ]
INFO: [ app_end ] --END-- [ RunTime:0.000164s ]

[ 2015-09-26T13:47:46+08:00 ] 140.207.54.73 /XiaoliChat/index.php/Home/WechatCallback/run.html?signature=727f3fefea054f8002de759a908ea6c0b10915d2&timestamp=1443246466&nonce=2075340599
INFO: [ app_init ] --START--
INFO: Run Behavior\BuildLiteBehavior [ RunTime:0.000013s ]
INFO: [ app_init ] --END-- [ RunTime:0.000091s ]
SQL: SHOW COLUMNS FROM `xl_config` [ RunTime:0.0006s ]
SQL: SELECT `name`,`value` FROM `xl_config`  [ RunTime:0.0001s ]
INFO: [ app_begin ] --START--
INFO: Run Behavior\ReadHtmlCacheBehavior [ RunTime:0.000040s ]
INFO: [ app_begin ] --END-- [ RunTime:0.000077s ]
NOTIC: [8] Undefined index: PicUrl /var/www/html/XiaoliChat/Application/Home/Controller/WechatCallbackController.class.php 第 175 行.
NOTIC: [8] Undefined index: MediaId /var/www/html/XiaoliChat/Application/Home/Controller/WechatCallbackController.class.php 第 176 行.
NOTIC: [8] Undefined index: Format /var/www/html/XiaoliChat/Application/Home/Controller/WechatCallbackController.class.php 第 177 行.
NOTIC: [8] Undefined index: Recognition /var/www/html/XiaoliChat/Application/Home/Controller/WechatCallbackController.class.php 第 178 行.
SQL: SHOW COLUMNS FROM `xl_post_msg` [ RunTime:0.0005s ]
SQL: INSERT INTO `xl_post_msg` (`to_user_name`,`from_user_name`,`create_time`,`msg_type`,`content`,`msg_id`,`pic_url`,`media_id`,`format`,`recognition`) VALUES ('gh_7842d6b2dcfb','oMvLNww_Gu2T_u11YjRPoCGw5-Sw','1443246466','text','笑话','6198696371746088773',NULL,NULL,NULL,NULL) [ RunTime:0.0073s ]
SQL: SHOW COLUMNS FROM `xl_user` [ RunTime:0.0004s ]
SQL: SELECT * FROM `xl_user` WHERE ( username='oMvLNww_Gu2T_u11YjRPoCGw5-Sw' )  [ RunTime:0.0001s ]
SQL: UPDATE `xl_user` SET `experience`='11800' WHERE ( username='oMvLNww_Gu2T_u11YjRPoCGw5-Sw' ) [ RunTime:0.0044s ]
SQL: SELECT * FROM `xl_user` WHERE ( username='oMvLNww_Gu2T_u11YjRPoCGw5-Sw' )  [ RunTime:0.0002s ]
SQL: UPDATE `xl_user` SET `gold`='90' WHERE ( username='oMvLNww_Gu2T_u11YjRPoCGw5-Sw' ) [ RunTime:0.0037s ]
SQL: SELECT * FROM `xl_user` WHERE ( username='oMvLNww_Gu2T_u11YjRPoCGw5-Sw' )  [ RunTime:0.0002s ]
SQL: SHOW COLUMNS FROM `xl_push_msg` [ RunTime:0.0008s ]
SQL: INSERT INTO `xl_push_msg` (`post_msg_id`,`create_time`,`msg_type`,`content`) VALUES ('1568','1443246466','text','昨天和单位暗恋的妹子出去玩，在路上她不小心踩到西瓜皮了，幸好lz身手敏捷，一把抱住她的腰。如电视情节一般，我两本就钟情对方，谁也没有打破这刻美好的浪漫时光，于是就这样抱着她深情相望！想着不如就吻上去吧，刚要有所行动呢，口水却特么先行一步……') [ RunTime:0.0092s ]
INFO: [ app_end ] --START--
INFO: Run Behavior\ShowPageTraceBehavior [ RunTime:0.000098s ]
INFO: [ app_end ] --END-- [ RunTime:0.000137s ]

[ 2015-09-26T13:48:18+08:00 ] 140.207.54.73 /XiaoliChat/index.php/Home/WechatCallback/run.html?signature=25b179d5cedb3450e7ab7d5e0836141d5c3527a1&timestamp=1443246497&nonce=2024919034
INFO: [ app_init ] --START--
INFO: Run Behavior\BuildLiteBehavior [ RunTime:0.000013s ]
INFO: [ app_init ] --END-- [ RunTime:0.000089s ]
SQL: SHOW COLUMNS FROM `xl_config` [ RunTime:0.0008s ]
SQL: SELECT `name`,`value` FROM `xl_config`  [ RunTime:0.0001s ]
INFO: [ app_begin ] --START--
INFO: Run Behavior\ReadHtmlCacheBehavior [ RunTime:0.000040s ]
INFO: [ app_begin ] --END-- [ RunTime:0.000079s ]
NOTIC: [8] Undefined index: PicUrl /var/www/html/XiaoliChat/Application/Home/Controller/WechatCallbackController.class.php 第 175 行.
NOTIC: [8] Undefined index: MediaId /var/www/html/XiaoliChat/Application/Home/Controller/WechatCallbackController.class.php 第 176 行.
NOTIC: [8] Undefined index: Format /var/www/html/XiaoliChat/Application/Home/Controller/WechatCallbackController.class.php 第 177 行.
NOTIC: [8] Undefined index: Recognition /var/www/html/XiaoliChat/Application/Home/Controller/WechatCallbackController.class.php 第 178 行.
SQL: SHOW COLUMNS FROM `xl_post_msg` [ RunTime:0.0006s ]
SQL: INSERT INTO `xl_post_msg` (`to_user_name`,`from_user_name`,`create_time`,`msg_type`,`content`,`msg_id`,`pic_url`,`media_id`,`format`,`recognition`) VALUES ('gh_7842d6b2dcfb','oMvLNww_Gu2T_u11YjRPoCGw5-Sw','1443246497','text','笑话','6198696504890074953',NULL,NULL,NULL,NULL) [ RunTime:0.0059s ]
SQL: SHOW COLUMNS FROM `xl_user` [ RunTime:0.0005s ]
SQL: SELECT * FROM `xl_user` WHERE ( username='oMvLNww_Gu2T_u11YjRPoCGw5-Sw' )  [ RunTime:0.0001s ]
SQL: UPDATE `xl_user` SET `experience`='11810' WHERE ( username='oMvLNww_Gu2T_u11YjRPoCGw5-Sw' ) [ RunTime:0.0044s ]
SQL: SELECT * FROM `xl_user` WHERE ( username='oMvLNww_Gu2T_u11YjRPoCGw5-Sw' )  [ RunTime:0.0002s ]
SQL: UPDATE `xl_user` SET `gold`='100' WHERE ( username='oMvLNww_Gu2T_u11YjRPoCGw5-Sw' ) [ RunTime:0.0043s ]
SQL: SELECT * FROM `xl_user` WHERE ( username='oMvLNww_Gu2T_u11YjRPoCGw5-Sw' )  [ RunTime:0.0002s ]
SQL: SHOW COLUMNS FROM `xl_push_msg` [ RunTime:0.0009s ]
SQL: INSERT INTO `xl_push_msg` (`post_msg_id`,`create_time`,`msg_type`,`content`) VALUES ('1569','1443246497','text','　　一妖精抓了一土豪，一王子，一农民。
　　妖精说：你们用四个字之内的词语来表达我的美，谁表达满意就放谁。
　　土豪说：美若天仙。
　　王子说：倾国倾城。
　　最后农民被释放了。
　　农民说了三个字：我硬了！') [ RunTime:0.0086s ]
INFO: [ app_end ] --START--
INFO: Run Behavior\ShowPageTraceBehavior [ RunTime:0.000094s ]
INFO: [ app_end ] --END-- [ RunTime:0.000131s ]

[ 2015-09-26T13:48:48+08:00 ] 140.207.54.75 /XiaoliChat/index.php/Home/WechatCallback/run.html?signature=448e87df93d72c08082fdf3e743618869f9aa4c3&timestamp=1443246528&nonce=1786162283
INFO: [ app_init ] --START--
INFO: Run Behavior\BuildLiteBehavior [ RunTime:0.000014s ]
INFO: [ app_init ] --END-- [ RunTime:0.000095s ]
SQL: SHOW COLUMNS FROM `xl_config` [ RunTime:0.0006s ]
SQL: SELECT `name`,`value` FROM `xl_config`  [ RunTime:0.0001s ]
INFO: [ app_begin ] --START--
INFO: Run Behavior\ReadHtmlCacheBehavior [ RunTime:0.000041s ]
INFO: [ app_begin ] --END-- [ RunTime:0.000077s ]
NOTIC: [8] Undefined index: PicUrl /var/www/html/XiaoliChat/Application/Home/Controller/WechatCallbackController.class.php 第 175 行.
NOTIC: [8] Undefined index: MediaId /var/www/html/XiaoliChat/Application/Home/Controller/WechatCallbackController.class.php 第 176 行.
NOTIC: [8] Undefined index: Format /var/www/html/XiaoliChat/Application/Home/Controller/WechatCallbackController.class.php 第 177 行.
NOTIC: [8] Undefined index: Recognition /var/www/html/XiaoliChat/Application/Home/Controller/WechatCallbackController.class.php 第 178 行.
SQL: SHOW COLUMNS FROM `xl_post_msg` [ RunTime:0.0005s ]
SQL: INSERT INTO `xl_post_msg` (`to_user_name`,`from_user_name`,`create_time`,`msg_type`,`content`,`msg_id`,`pic_url`,`media_id`,`format`,`recognition`) VALUES ('gh_7842d6b2dcfb','oMvLNww_Gu2T_u11YjRPoCGw5-Sw','1443246528','text','笑话','6198696638034061134',NULL,NULL,NULL,NULL) [ RunTime:0.0178s ]
SQL: SHOW COLUMNS FROM `xl_user` [ RunTime:0.0009s ]
SQL: SELECT * FROM `xl_user` WHERE ( username='oMvLNww_Gu2T_u11YjRPoCGw5-Sw' )  [ RunTime:0.0001s ]
SQL: UPDATE `xl_user` SET `experience`='11820' WHERE ( username='oMvLNww_Gu2T_u11YjRPoCGw5-Sw' ) [ RunTime:0.0052s ]
SQL: SELECT * FROM `xl_user` WHERE ( username='oMvLNww_Gu2T_u11YjRPoCGw5-Sw' )  [ RunTime:0.0003s ]
SQL: UPDATE `xl_user` SET `gold`='110' WHERE ( username='oMvLNww_Gu2T_u11YjRPoCGw5-Sw' ) [ RunTime:0.0057s ]
SQL: SELECT * FROM `xl_user` WHERE ( username='oMvLNww_Gu2T_u11YjRPoCGw5-Sw' )  [ RunTime:0.0002s ]
SQL: SHOW COLUMNS FROM `xl_push_msg` [ RunTime:0.0008s ]
SQL: INSERT INTO `xl_push_msg` (`post_msg_id`,`create_time`,`msg_type`,`content`) VALUES ('1570','1443246528','text','我家住12楼，李阿姨家住四楼，我们两家并不是太熟悉，可自从李阿姨的儿子七月份大学毕业回来，她就一直往我们家送东西，什么刚摘的葡萄啦，什么旅游回来带的特产啦之类的…我和家人都心照不宣了，李阿姨肯定是看上我妹了，想让她做儿媳妇……今天李阿姨又来了，在家里坐了一会，犹犹豫豫的说：“那个，你们家的小泰迪快生了吧？我儿子特别喜欢小狗，能不能送我们一只？”') [ RunTime:0.0056s ]
INFO: [ app_end ] --START--
INFO: Run Behavior\ShowPageTraceBehavior [ RunTime:0.000082s ]
INFO: [ app_end ] --END-- [ RunTime:0.000120s ]

