[ 2015-09-12T22:32:47+08:00 ] 140.207.54.80 /XiaoliChat/index.php/Home/WechatCallback/run.html?signature=aec8b61dda41b84511e997249c9723a19f3f760b&echostr=1955578819959551919&timestamp=1442068367&nonce=465174509
INFO: [ app_init ] --START--
INFO: Run Behavior\BuildLiteBehavior [ RunTime:0.000021s ]
INFO: [ app_init ] --END-- [ RunTime:0.000152s ]
SQL: SHOW COLUMNS FROM `xl_config` [ RunTime:0.0249s ]
SQL: SELECT `name`,`value` FROM `xl_config`  [ RunTime:0.0064s ]
INFO: [ app_begin ] --START--
INFO: Run Behavior\ReadHtmlCacheBehavior [ RunTime:0.000099s ]
INFO: [ app_begin ] --END-- [ RunTime:0.000175s ]
INFO: [ app_end ] --START--
INFO: Run Behavior\ShowPageTraceBehavior [ RunTime:0.000070s ]
INFO: [ app_end ] --END-- [ RunTime:0.000128s ]

[ 2015-09-12T22:32:58+08:00 ] 119.187.143.133 /XiaoliChat/index.php/Home/WechatCallback/run.html
INFO: [ app_init ] --START--
INFO: Run Behavior\BuildLiteBehavior [ RunTime:0.000021s ]
INFO: [ app_init ] --END-- [ RunTime:0.000140s ]
SQL: SHOW COLUMNS FROM `xl_config` [ RunTime:0.0007s ]
SQL: SELECT `name`,`value` FROM `xl_config`  [ RunTime:0.0001s ]
INFO: [ app_begin ] --START--
INFO: Run Behavior\ReadHtmlCacheBehavior [ RunTime:0.000056s ]
INFO: [ app_begin ] --END-- [ RunTime:0.000103s ]
NOTIC: [8] Undefined index: echostr /var/www/html/XiaoliChat/Application/Home/Controller/WechatCallbackController.class.php Á¨¨ 17 Ë°å.
NOTIC: [8] Undefined index: signature /var/www/html/XiaoliChat/Application/Home/Controller/WechatCallbackController.class.php Á¨¨ 68 Ë°å.
NOTIC: [8] Undefined index: timestamp /var/www/html/XiaoliChat/Application/Home/Controller/WechatCallbackController.class.php Á¨¨ 69 Ë°å.
NOTIC: [8] Undefined index: nonce /var/www/html/XiaoliChat/Application/Home/Controller/WechatCallbackController.class.php Á¨¨ 70 Ë°å.
INFO: [ app_end ] --START--
INFO: Run Behavior\ShowPageTraceBehavior [ RunTime:0.000055s ]
INFO: [ app_end ] --END-- [ RunTime:0.000098s ]

[ 2015-09-12T22:35:13+08:00 ] 101.226.62.79 /XiaoliChat/index.php/Home/WechatCallback/run.html?signature=12d8e2ab804f9cb73816dd33ad2cc35a45e2812a&echostr=5062555129672990501&timestamp=1442068513&nonce=1995663377
INFO: [ app_init ] --START--
INFO: Run Behavior\BuildLiteBehavior [ RunTime:0.000026s ]
INFO: [ app_init ] --END-- [ RunTime:0.000199s ]
SQL: SHOW COLUMNS FROM `xl_config` [ RunTime:0.0469s ]
SQL: SELECT `name`,`value` FROM `xl_config`  [ RunTime:0.0201s ]
INFO: [ app_begin ] --START--
INFO: Run Behavior\ReadHtmlCacheBehavior [ RunTime:0.000099s ]
INFO: [ app_begin ] --END-- [ RunTime:0.000201s ]

[ 2015-09-12T22:38:20+08:00 ] 140.207.54.74 /XiaoliChat/index.php/Home/WechatCallback/run.html?signature=1660d6dd98defdab7a3233037b04f88e3e491bb6&timestamp=1442068700&nonce=14630180
INFO: [ app_init ] --START--
INFO: Run Behavior\BuildLiteBehavior [ RunTime:0.000017s ]
INFO: [ app_init ] --END-- [ RunTime:0.000138s ]
SQL: SHOW COLUMNS FROM `xl_config` [ RunTime:0.0007s ]
SQL: SELECT `name`,`value` FROM `xl_config`  [ RunTime:0.0001s ]
INFO: [ app_begin ] --START--
INFO: Run Behavior\ReadHtmlCacheBehavior [ RunTime:0.000040s ]
INFO: [ app_begin ] --END-- [ RunTime:0.000076s ]
INFO: [ app_end ] --START--
INFO: Run Behavior\ShowPageTraceBehavior [ RunTime:0.004629s ]
INFO: [ app_end ] --END-- [ RunTime:0.004710s ]

[ 2015-09-12T22:38:28+08:00 ] 140.207.54.73 /XiaoliChat/index.php/Home/WechatCallback/run.html?signature=cade73ea3d533b204b8e6732461c77019091d0b7&timestamp=1442068708&nonce=1236910285
INFO: [ app_init ] --START--
INFO: Run Behavior\BuildLiteBehavior [ RunTime:0.000018s ]
INFO: [ app_init ] --END-- [ RunTime:0.000125s ]
SQL: SHOW COLUMNS FROM `xl_config` [ RunTime:0.0007s ]
SQL: SELECT `name`,`value` FROM `xl_config`  [ RunTime:0.0001s ]
INFO: [ app_begin ] --START--
INFO: Run Behavior\ReadHtmlCacheBehavior [ RunTime:0.000053s ]
INFO: [ app_begin ] --END-- [ RunTime:0.000099s ]
INFO: [ app_end ] --START--
INFO: Run Behavior\ShowPageTraceBehavior [ RunTime:0.000052s ]
INFO: [ app_end ] --END-- [ RunTime:0.000091s ]

[ 2015-09-12T23:09:45+08:00 ] 140.207.54.73 /XiaoliChat/index.php/Home/WechatCallback/run.html?signature=8697fe113a234a4e21714e4ec9ff374906df596c&timestamp=1442070585&nonce=209276893
INFO: [ app_init ] --START--
INFO: Run Behavior\BuildLiteBehavior [ RunTime:0.000030s ]
INFO: [ app_init ] --END-- [ RunTime:0.000208s ]
SQL: SHOW COLUMNS FROM `xl_config` [ RunTime:0.0143s ]
SQL: SELECT `name`,`value` FROM `xl_config`  [ RunTime:0.0059s ]
INFO: [ app_begin ] --START--
INFO: Run Behavior\ReadHtmlCacheBehavior [ RunTime:0.000100s ]
INFO: [ app_begin ] --END-- [ RunTime:0.000163s ]
INFO: [ app_end ] --START--
INFO: Run Behavior\ShowPageTraceBehavior [ RunTime:0.000170s ]
INFO: [ app_end ] --END-- [ RunTime:0.000253s ]

[ 2015-09-12T23:34:04+08:00 ] 140.207.54.73 /XiaoliChat/index.php/Home/WechatCallback/run.html?signature=9b54e5b27a64cad90c8bce2f11f2b3d88f46020c&timestamp=1442072043&nonce=1128088881
INFO: [ app_init ] --START--
INFO: Run Behavior\BuildLiteBehavior [ RunTime:0.000018s ]
INFO: [ app_init ] --END-- [ RunTime:0.000151s ]
SQL: SHOW COLUMNS FROM `xl_config` [ RunTime:0.0270s ]
SQL: SELECT `name`,`value` FROM `xl_config`  [ RunTime:0.0053s ]
INFO: [ app_begin ] --START--
INFO: Run Behavior\ReadHtmlCacheBehavior [ RunTime:0.000088s ]
INFO: [ app_begin ] --END-- [ RunTime:0.000133s ]
SQL: SHOW COLUMNS FROM `xl_post_msg` [ RunTime:0.0009s ]
SQL: INSERT INTO `xl_post_msg` () VALUES () [ RunTime:0.0078s ]
SQL: SHOW COLUMNS FROM `xl_push_msg` [ RunTime:0.0009s ]
SQL: INSERT INTO `xl_push_msg` (`post_msg_id`,`create_time`,`msg_type`,`content`) VALUES ('1','1442072044','text','Welcome to wechat world!') [ RunTime:0.0069s ]
INFO: [ app_end ] --START--
INFO: Run Behavior\ShowPageTraceBehavior [ RunTime:0.000135s ]
INFO: [ app_end ] --END-- [ RunTime:0.000198s ]

[ 2015-09-12T23:34:28+08:00 ] 140.207.54.73 /XiaoliChat/index.php/Home/WechatCallback/run.html?signature=585592c92d8c214b0fca53e2b4a9774a33653298&timestamp=1442072068&nonce=2016871212
INFO: [ app_init ] --START--
INFO: Run Behavior\BuildLiteBehavior [ RunTime:0.000017s ]
INFO: [ app_init ] --END-- [ RunTime:0.000123s ]
SQL: SHOW COLUMNS FROM `xl_config` [ RunTime:0.0006s ]
SQL: SELECT `name`,`value` FROM `xl_config`  [ RunTime:0.0001s ]
INFO: [ app_begin ] --START--
INFO: Run Behavior\ReadHtmlCacheBehavior [ RunTime:0.000057s ]
INFO: [ app_begin ] --END-- [ RunTime:0.000097s ]
SQL: SHOW COLUMNS FROM `xl_post_msg` [ RunTime:0.0005s ]
SQL: INSERT INTO `xl_post_msg` () VALUES () [ RunTime:0.0132s ]
SQL: SHOW COLUMNS FROM `xl_push_msg` [ RunTime:0.0004s ]
SQL: INSERT INTO `xl_push_msg` (`post_msg_id`,`create_time`,`msg_type`,`content`) VALUES ('2','1442072068','text','Welcome to wechat world!') [ RunTime:0.0057s ]
INFO: [ app_end ] --START--
INFO: Run Behavior\ShowPageTraceBehavior [ RunTime:0.000066s ]
INFO: [ app_end ] --END-- [ RunTime:0.000101s ]

[ 2015-09-12T23:38:49+08:00 ] 140.207.54.74 /XiaoliChat/index.php/Home/WechatCallback/run.html?signature=f714396bad3d0866b4ce2646fd136dc4e51a6eeb&timestamp=1442072328&nonce=1362267909
INFO: [ app_init ] --START--
INFO: Run Behavior\BuildLiteBehavior [ RunTime:0.000017s ]
INFO: [ app_init ] --END-- [ RunTime:0.000125s ]
SQL: SHOW COLUMNS FROM `xl_config` [ RunTime:0.0006s ]
SQL: SELECT `name`,`value` FROM `xl_config`  [ RunTime:0.0001s ]
INFO: [ app_begin ] --START--
INFO: Run Behavior\ReadHtmlCacheBehavior [ RunTime:0.000040s ]
INFO: [ app_begin ] --END-- [ RunTime:0.000077s ]
SQL: SHOW COLUMNS FROM `xl_post_msg` [ RunTime:0.0008s ]
SQL: INSERT INTO `xl_post_msg` () VALUES () [ RunTime:0.0079s ]
SQL: SHOW COLUMNS FROM `xl_push_msg` [ RunTime:0.0007s ]
SQL: INSERT INTO `xl_push_msg` (`post_msg_id`,`create_time`,`msg_type`,`content`) VALUES ('3','1442072329','text','SimpleXMLElement Object
(
    [ToUserName] => gh_7842d6b2dcfb
    [FromUserName] => oMvLNww_Gu2T_u11YjRPoCGw5-Sw
    [CreateTime] => 1442072328
    [MsgType] => text
    [Content] => ‰Ω†Â•Ω
    [MsgId] => 6193653487434925974
)
') [ RunTime:0.0146s ]
INFO: [ app_end ] --START--
INFO: Run Behavior\ShowPageTraceBehavior [ RunTime:0.000113s ]
INFO: [ app_end ] --END-- [ RunTime:0.000170s ]

[ 2015-09-12T23:40:30+08:00 ] 140.207.54.73 /XiaoliChat/index.php/Home/WechatCallback/run.html?signature=e5e82f328f30f24932370d0c0e4187c41183f4cf&timestamp=1442072430&nonce=1345072973
INFO: [ app_init ] --START--
INFO: Run Behavior\BuildLiteBehavior [ RunTime:0.000024s ]
INFO: [ app_init ] --END-- [ RunTime:0.000156s ]
SQL: SHOW COLUMNS FROM `xl_config` [ RunTime:0.0257s ]
SQL: SELECT `name`,`value` FROM `xl_config`  [ RunTime:0.0087s ]
INFO: [ app_begin ] --START--
INFO: Run Behavior\ReadHtmlCacheBehavior [ RunTime:0.000079s ]
INFO: [ app_begin ] --END-- [ RunTime:0.000123s ]
SQL: SHOW COLUMNS FROM `xl_post_msg` [ RunTime:0.0009s ]
SQL: INSERT INTO `xl_post_msg` () VALUES () [ RunTime:0.0464s ]
SQL: SHOW COLUMNS FROM `xl_push_msg` [ RunTime:0.0007s ]
SQL: INSERT INTO `xl_push_msg` (`post_msg_id`,`create_time`,`msg_type`,`content`) VALUES ('4','1442072430','text','SimpleXMLElement Object
(
    [ToUserName] => gh_7842d6b2dcfb
    [FromUserName] => oMvLNww_Gu2T_u11YjRPoCGw5-Sw
    [CreateTime] => 1442072429
    [MsgType] => text
    [Content] => ÂëµÂëµ
    [MsgId] => 6193653921226622886
)
') [ RunTime:0.0063s ]
INFO: [ app_end ] --START--
INFO: Run Behavior\ShowPageTraceBehavior [ RunTime:0.000097s ]
INFO: [ app_end ] --END-- [ RunTime:0.000136s ]

[ 2015-09-12T23:59:15+08:00 ] 140.207.54.73 /XiaoliChat/index.php/Home/WechatCallback/run.html?signature=1ced88763d8679265995558e4e3a4f79962f1415&timestamp=1442073555&nonce=1160802604
INFO: [ app_init ] --START--
INFO: Run Behavior\BuildLiteBehavior [ RunTime:0.000022s ]
INFO: [ app_init ] --END-- [ RunTime:0.000135s ]
SQL: SHOW COLUMNS FROM `xl_config` [ RunTime:0.0007s ]
SQL: SELECT `name`,`value` FROM `xl_config`  [ RunTime:0.0011s ]
INFO: [ app_begin ] --START--
INFO: Run Behavior\ReadHtmlCacheBehavior [ RunTime:0.000065s ]
INFO: [ app_begin ] --END-- [ RunTime:0.000106s ]
NOTIC: [8] Undefined index: PicUrl /var/www/html/XiaoliChat/Application/Home/Controller/WechatCallbackController.class.php Á¨¨ 109 Ë°å.
NOTIC: [8] Undefined index: MediaId /var/www/html/XiaoliChat/Application/Home/Controller/WechatCallbackController.class.php Á¨¨ 110 Ë°å.
NOTIC: [8] Undefined index: Format /var/www/html/XiaoliChat/Application/Home/Controller/WechatCallbackController.class.php Á¨¨ 111 Ë°å.
NOTIC: [8] Undefined index: Recognition /var/www/html/XiaoliChat/Application/Home/Controller/WechatCallbackController.class.php Á¨¨ 112 Ë°å.
SQL: SHOW COLUMNS FROM `xl_post_msg` [ RunTime:0.0009s ]
SQL: INSERT INTO `xl_post_msg` (`to_user_name`,`from_user_name`,`create_time`,`msg_type`,`content`,`msg_id`,`pic_url`,`media_id`,`format`,`recognition`) VALUES ('gh_7842d6b2dcfb','oMvLNww_Gu2T_u11YjRPoCGw5-Sw','1442073554','text','ÈáçÊñ∞ÊµãËØï','6193658753064831063',NULL,NULL,NULL,NULL) [ RunTime:0.0372s ]
SQL: SHOW COLUMNS FROM `xl_push_msg` [ RunTime:0.0005s ]
SQL: INSERT INTO `xl_push_msg` (`post_msg_id`,`create_time`,`msg_type`,`content`) VALUES ('5','1442073555','text','ª∂”≠’“–°¡ßBaby¡ƒÃÏ£°') [ RunTime:0.0050s ]
INFO: [ app_end ] --START--
INFO: Run Behavior\ShowPageTraceBehavior [ RunTime:0.000089s ]
INFO: [ app_end ] --END-- [ RunTime:0.000127s ]

